****************************************************
*                                                  *
*                  GENESIS ATDYN                   *
*                                                  *
*        A Molecular Dynamics Simulator with       *
*            Atomic Decomposition Scheme           *
*                                                  *
*               Developed by RIKEN                 *
*                                                  *
****************************************************
 
[STEP0] Architecture and Compiler Information
 
GENESIS_Information> GENESIS Information
  version      = 1.5.0
  commit ID    = 764c488c [2020-10-28 19:19:12 +0900]
  precision    = double
  nonbonding   = CPU

Build_Information> Compiler Information
  build host   = ctan@pyraminx
  fortran      = GNU Fortran (Homebrew GCC 10.2.0) 10.2.0
  option       = -fallow-argument-mismatch -fopenmp  
  C            = gcc-10 (Homebrew GCC 10.2.0) 10.2.0
  option       = -g -O2 -fopenmp 
  defined var. =  -DMPI -DOMP -DFFTE -DLAPACK -DDSFMT_MEXP=19937 -D__GFORTRAN__
  link option  =  -fopenmp  -llapack -lblas  

Runtime_Information> Machine and Library Information
  date       = 2020/10/31 23:18:36
  cpu model    = N/A
  exec. host   = ctan@
  LD library   = /Users/ctan/Workspace/gromacs/lib

[STEP1] Read Control Parameters
 
Read_Ctrl_Input> Input Files
  grotopfile = dsDNA_x3dna_new_cg.top
  grocrdfile = dsDNA_x3dna_new_cg.gro
 
Read_Ctrl_Output> Output Files
  dcdfile    = dna_md1_melt.dcd
  rstfile    = dna_md1_melt.rst
  pdbfile    = dna_md1_melt.pdb
 
Read_Ctrl_Energy>  WARNING: water_model is not available
Read_Ctrl_Energy> Parameters of Energy Calculations
  forcefield      =     AICG2P
  switchdist      =     10.000  cutoffdist      =     12.000
  pairlistdist    =     13.500  dielec_const    =      1.000
  debye           =     10.000
 vdW force_switch =         no
  electrostatic   =  CUTOFF
  implicit_solvent=       none
  table           =         no
  water_model     =       NONE
  output_style    =    GENESIS
  dispersion_corr =       none
  nonb_limiter    =      no
  user def. table =     no
 
Read_Ctrl_Dynamics> Parameters of MD simulation
  integrator      =    VVER_CG  nsteps          =      15000
  timestep        =     0.0200  initial_time    =     0.0000
  eneout_period   =       1000  rstout_period   =       1000
  crdout_period   =       1000  velout_period   =          0
  nbupdate_period =         20  stoptr_period   =         10
  iseed           =         -1
  annealing       =         no
  verbose         =         no
  target_md       =         no
  steered_md      =         no
  shrink_box      =         no
 
Read_Ctrl_Constraints> Parameters for Constraints
  rigid_bond      =         no
 
Read_Ctrl_Ensemble> Parameters for Ensemble
  ensemble        =        NVT
  temperature     =    600.000
  tpcontrol       =   LANGEVIN
  gamma_t         =      0.010
 
Read_Ctrl_Boundary> Parameters of Boundary Condition
  type            =     NOBC  
  spherical_pot   =         no  restart         =          T
 
Read_Ctrl_Selection> Parameters of Selection
  # of groups     =          0
  # of mole names =          0
 
Read_Ctrl_Restraints> No restraint in the system

Read_Ctrl_Fitting_MD> Parameters of Fitting
  fitting method  =  TR+ROT   
  fitting atom    = group1
  mass_weight     =         no
 
[STEP2] Setup MPI
 
Setup_Mpi_Md> Summary of Setup MPI
  number of MPI processes   =          4
  number of OpenMP threads  =          2
  total number of CPU cores =          8

[STEP3] Set Relevant Variables and Structures
 
Read_Grotop> Summary of Grotopfile
  num_moltypes    =          1
    dsDNA_x3dna_new_cg    :
      num_atoms   =        298
      num_bonds   =        296
      num_angls   =        390
      num_dihes   =        580
      num_cmaps   =          0
      num_excls   =          0
      num_constrs =          0
      num_pairs   =          0
      num_vsites2 =          0
      num_vsites3 =          0
      num_vsites4 =          0
      num_vsitesn =          0
      num_posress =          0
      num_PWMcos  =          0
      num_IDR_HPS  =         0
      num_IDR_KH   =         0
    .. not used molecule types were hidden.

  num_molecules   =          1
    dsDNA_x3dna_new_cg    :  1

  num_atomtypes   =         33  num_bondtypes   =          0
  num_angltypes   =          0  num_dihetypes   =          0
  num_flangltypes           20
  num_fldihetypes          400
  num_constrtypes =          0  num_cmaptypes   =          0
  num_nbonparms   =          0
  num_basestacktypes  =     16
  num_basepairtypes   =      4
  num_basecrosstypes  =     32
  num_cgdnaexvtypes   =      6
  num_cgelemolpairs   =      1
  num_cg_IDR_HPS_atomtypes  =     20
  num_cg_KH_atomtypes  =    20

  num_cg_pair_MJ_eps   =   400

Define_Molecule> Summary of molecules
  num_atoms       =        298  num_bonds       =        296
  num_angles      =        390  num_dihedrals   =        580
  num_impropers   =          0  num_cmap_terms  =          0
  num_residues    =        100  num_molecules   =          2
  num_segments    =          1  num_deg_freedom =        894
  total_charge    =    -58.800
 
Update_Num_Deg_Freedom> Number of degrees of freedom was updated
  num_deg_freedom =        891 (After removing translation)
 
Update_Num_Deg_Freedom> Number of degrees of freedom was updated
  num_deg_freedom =        888 (After removing rotation)
 
Setup_Boundary> Setup Variables for Boundary Condition
  origin(x,y,z)   =      0.000     0.000     0.000
 
 
Define_Enefunc_Gromacs> Number of Interactions in Each Term
  bond_ene        =          0  angle_ene       =        390
  bond_ene_cgDNA  =        296
  torsion_ene     =        580  rb_torsion_ene  =          0
  base_stack_ene  =         98
  improper_ene    =          0
  nb_exclusions   =        784  nb14_calc       =        388
  vsite2_ene      =          0  vsite3_ene      =          0
  vsite3fd_ene    =          0  vsite3fad_ene   =          0
  vsite3out_ene   =          0  vsite4fdn_ene   =          0
  vsiten_ene      =          0
 restraint_groups =          0 restraint_funcs  =          0
 
Get_Morph_in> Morphing check
  morphing_bb =           0  morphing_sc =           0
Setup_Fitting_Atdyn> NO fitting is applied, skip
  fitting method  =  NO

[STEP4] Compute Single Point Energy for Molecules
 
            STEP          ENERGY            BOND           ANGLE        DIHEDRAL   BASE_STACKING  NATIVE_CONTACT NON-NATIVE_CONT           ELECT    BASE_PAIRING
 --------------- --------------- --------------- --------------- ---------------
               0       -872.0852          0.0000          0.0008       -321.2236       -304.5436          0.0000          0.0449         11.1439       -257.5075

[STEP5] Perform Molecular Dynamics Simulation
 
Generate_Velocity> Generate initial velocities
  iseed           =     667803
  temperature     =    600.000
 
Random_Init_Velocity> Initialize the random number
  seed            = 667803

INFO:       STEP            TIME       TOTAL_ENE   POTENTIAL_ENE     KINETIC_ENE            RMSG            BOND           ANGLE        DIHEDRAL      BASE_STACK       BASE_PAIR  NATIVE_CONTACT NON-NATIVE_CONT           ELECT     TEMPERATURE          VOLUME
 --------------- --------------- --------------- --------------- ---------------
INFO:          0          0.0000       -329.4027       -872.0852        542.6825          0.0000          0.0000          0.0008       -321.2236       -304.5436       -257.5075          0.0000          0.0449         11.1439        615.0682          0.0000

Random_Init> Initialize the random number
  seed            = 1466951294

INFO:       1000         20.0000       -211.5812       -548.6779        337.0967          0.0000         54.4067        115.0901       -285.8683       -250.1887       -193.6377          0.0000          0.9111         10.6089        382.0603          0.0000

INFO:       2000         40.0000       -135.5999       -494.3154        358.7155          0.0000         58.3242        138.1042       -277.3554       -254.5900       -169.9991          0.0000          0.2710         10.9297        406.5627          0.0000

INFO:       3000         60.0000        -43.9556       -452.1049        408.1493          0.0000         67.4016        141.6414       -279.1405       -241.7775       -152.0910          0.0000          0.6889         11.1722        462.5903          0.0000

INFO:       4000         80.0000         -7.8303       -368.5514        360.7211          0.0000         74.8552        152.8933       -252.4733       -231.2410       -127.4505          0.0000          3.2239         11.6410        408.8359          0.0000

INFO:       5000        100.0000         38.2611       -349.7041        387.9651          0.0000         66.1420        175.9005       -259.3620       -226.3684       -117.4868          0.0000          0.1195         11.3511        439.7138          0.0000

INFO:       6000        120.0000         72.8051       -367.8915        440.6966          0.0000         71.7037        155.8185       -250.5948       -227.3670       -130.4940          0.0000          0.9158         12.1262        499.4789          0.0000

INFO:       7000        140.0000        127.2763       -289.0416        416.3179          0.0000         66.4201        190.4666       -243.8911       -204.3651       -109.5355          0.0000          1.2515         10.6119        471.8484          0.0000

INFO:       8000        160.0000        143.2892       -290.5083        433.7975          0.0000         70.6888        161.5571       -222.3564       -212.2264       -100.0778          0.0000          0.3951         11.5113        491.6596          0.0000

INFO:       9000        180.0000        173.4811       -245.4377        418.9187          0.0000         74.4752        154.8369       -202.8401       -186.2956        -98.0739          0.0000          1.1721         11.2879        474.7962          0.0000

INFO:      10000        200.0000        225.4119       -186.1829        411.5948          0.0000         74.8929        192.1473       -199.2877       -197.6715        -69.0511          0.0000          1.7069         11.0803        466.4953          0.0000

INFO:      11000        220.0000        262.6141       -169.4969        432.1110          0.0000         82.5929        169.2823       -197.9065       -182.7387        -53.6196          0.0000          1.1203         11.7725        489.7481          0.0000

INFO:      12000        240.0000        305.0805       -140.7479        445.8285          0.0000         61.2380        183.2274       -188.2476       -176.6808        -36.0399          0.0000          2.9269         12.8281        505.2952          0.0000

INFO:      13000        260.0000        334.7252       -126.6687        461.3939          0.0000         65.7958        163.8384       -171.2940       -176.7674        -21.0863          0.0000          1.1673         11.6776        522.9369          0.0000

INFO:      14000        280.0000        377.7516        -48.4570        426.2086          0.0000         74.3252        193.2116       -146.2355       -173.4971         -8.5655          0.0000          1.0212         11.2831        483.0584          0.0000

INFO:      15000        300.0000        416.4648        -58.9653        475.4300          0.0000         82.9068        166.4761       -152.0463       -155.5611        -11.8432          0.0000          0.2168         10.8857        538.8452          0.0000

 
[STEP6] Deallocate Arrays
 
Output_Time> Averaged timer profile (Min, Max)
  total time      =      14.928
    setup         =       1.157
    dynamics      =      13.771
      energy      =      10.712
      integrator  =       2.502
      pairlist    =       0.433 (       0.423,       0.444)
  energy           
    bond          =       0.914 (       0.892,       0.945)
    angle         =       1.386 (       1.349,       1.417)
    dihedral      =       1.704 (       1.653,       1.804)
    base stacking =       0.476 (       0.469,       0.482)
    nonbond       =       3.615 (       3.517,       3.683)
      CG  exv     =       0.399 (       0.393,       0.402)
      CG DNA bp   =       0.872 (       0.799,       0.908)
      CG DNA exv  =       0.903 (       0.884,       0.911)
      CG ele      =       0.963 (       0.951,       0.990)
      CG PWMcos   =       0.000 (       0.000,       0.000)
      Contact     =       0.000 (       0.000,       0.000)
      pme real    =       0.000 (       0.000,       0.000)
      pme recip   =       0.000 (       0.000,       0.000)
    solvation     =       0.000 (       0.000,       0.000)
      polar       =       0.000 (       0.000,       0.000)
      non-polar   =       0.000 (       0.000,       0.000)
    restraint     =       0.000 (       0.000,       0.000)
    qmmm          =       0.000 (       0.000,       0.000)
    morph         =       0.000 (       0.000,       0.000)
  integrator       
    constraint    =       0.000 (       0.000,       0.000)
    update        =       0.000 (       0.000,       0.000)
    comm_coord    =       0.000 (       0.000,       0.000)
    comm_force    =       0.000 (       0.000,       0.000)
    comm_migrate  =       0.000 (       0.000,       0.000)

