****************************************************
*                                                  *
*                  GENESIS ATDYN                   *
*                                                  *
*        A Molecular Dynamics Simulator with       *
*            Atomic Decomposition Scheme           *
*                                                  *
*               Developed by RIKEN                 *
*                                                  *
****************************************************
 
[STEP0] Architecture and Compiler Information
 
GENESIS_Information> GENESIS Information
  version      = 1.5.0
  commit ID    = 764c488c [2020-10-28 19:19:12 +0900]
  precision    = double
  nonbonding   = CPU

Build_Information> Compiler Information
  build host   = ctan@pyraminx
  fortran      = GNU Fortran (Homebrew GCC 10.2.0) 10.2.0
  option       = -fallow-argument-mismatch -fopenmp  
  C            = gcc-10 (Homebrew GCC 10.2.0) 10.2.0
  option       = -g -O2 -fopenmp 
  defined var. =  -DMPI -DOMP -DFFTE -DLAPACK -DDSFMT_MEXP=19937 -D__GFORTRAN__
  link option  =  -fopenmp  -llapack -lblas  

Runtime_Information> Machine and Library Information
  date       = 2020/11/08 23:01:07
  cpu model    = N/A
  exec. host   = ctan@
  LD library   = /Users/ctan/Workspace/gromacs/lib

[STEP1] Read Control Parameters
 
Read_Ctrl_Input> Input Files
  grotopfile = dsDNA_x3dna_new_cg.top
  grocrdfile = dsDNA_x3dna_new_cg.gro
  rstfile = dna_md1_melt.rst
 
Read_Ctrl_Output> Output Files
  dcdfile    = dna_md2_hybrid.dcd
  rstfile    = dna_md2_hybrid.rst
  pdbfile    = dna_md2_hybrid.pdb
 
Read_Ctrl_Energy>  WARNING: water_model is not available
Read_Ctrl_Energy> Parameters of Energy Calculations
  forcefield      =     AICG2P
  switchdist      =     10.000  cutoffdist      =     12.000
  pairlistdist    =     13.500  dielec_const    =      1.000
  debye           =     10.000
 vdW force_switch =         no
  electrostatic   =  CUTOFF
  implicit_solvent=       none
  table           =         no
  water_model     =       NONE
  output_style    =    GENESIS
  dispersion_corr =       none
  nonb_limiter    =      no
  user def. table =     no
 
Read_Ctrl_Dynamics> Parameters of MD simulation
  integrator      =    VVER_CG  nsteps          =     200000
  timestep        =     0.0200  initial_time    =     0.0000
  eneout_period   =       1000  rstout_period   =       1000
  crdout_period   =       1000  velout_period   =          0
  nbupdate_period =         20  stoptr_period   =         10
  iseed           =         -1
  annealing       =         no
  verbose         =         no
  target_md       =         no
  steered_md      =         no
  shrink_box      =         no
 
Read_Ctrl_Constraints> Parameters for Constraints
  rigid_bond      =         no
 
Read_Ctrl_Ensemble> Parameters for Ensemble
  ensemble        =        NVT
  temperature     =    300.000
  tpcontrol       =   LANGEVIN
  gamma_t         =      0.010
 
Read_Ctrl_Boundary> Parameters of Boundary Condition
  type            =     NOBC  
  spherical_pot   =         no  restart         =          T
 
Read_Ctrl_Selection> Parameters of Selection
  # of groups     =          0
  # of mole names =          0
 
Read_Ctrl_Restraints> No restraint in the system

Read_Ctrl_Fitting_MD> Parameters of Fitting
  fitting method  =  TR+ROT   
  fitting atom    = group1
  mass_weight     =         no
 
[STEP2] Setup MPI
 
Setup_Mpi_Md> Summary of Setup MPI
  number of MPI processes   =          4
  number of OpenMP threads  =          8
  total number of CPU cores =         32

[STEP3] Set Relevant Variables and Structures
 
Read_Grotop> Summary of Grotopfile
  num_moltypes    =          1
    dsDNA_x3dna_new_cg    :
      num_atoms   =        298
      num_bonds   =        296
      num_angls   =        390
      num_dihes   =        580
      num_cmaps   =          0
      num_excls   =          0
      num_constrs =          0
      num_pairs   =          0
      num_vsites2 =          0
      num_vsites3 =          0
      num_vsites4 =          0
      num_vsitesn =          0
      num_posress =          0
      num_PWMcos  =          0
      num_IDR_HPS  =         0
      num_IDR_KH   =         0
    .. not used molecule types were hidden.

  num_molecules   =          1
    dsDNA_x3dna_new_cg    :  1

  num_atomtypes   =         33  num_bondtypes   =          0
  num_angltypes   =          0  num_dihetypes   =          0
  num_flangltypes           20
  num_fldihetypes          400
  num_constrtypes =          0  num_cmaptypes   =          0
  num_nbonparms   =          0
  num_basestacktypes  =     16
  num_basepairtypes   =      4
  num_basecrosstypes  =     32
  num_cgdnaexvtypes   =      6
  num_cgelemolpairs   =      1
  num_cg_IDR_HPS_atomtypes  =     20
  num_cg_KH_atomtypes  =    20

  num_cg_pair_MJ_eps   =   400

Read_Rst_Binary> Summary of RST file
  num_atoms       =        298  iseed           = 1466951294
  boxsize (x,y,z) =      0.000     0.000     0.000

Define_Molecule> Summary of molecules
  num_atoms       =        298  num_bonds       =        296
  num_angles      =        390  num_dihedrals   =        580
  num_impropers   =          0  num_cmap_terms  =          0
  num_residues    =        100  num_molecules   =          2
  num_segments    =          1  num_deg_freedom =        894
  total_charge    =    -58.800
 
Update_Num_Deg_Freedom> Number of degrees of freedom was updated
  num_deg_freedom =        891 (After removing translation)
 
Update_Num_Deg_Freedom> Number of degrees of freedom was updated
  num_deg_freedom =        888 (After removing rotation)
 
Setup_Boundary> Setup Variables for Boundary Condition
  origin(x,y,z)   =      0.000     0.000     0.000
 
 
Define_Enefunc_Gromacs> Number of Interactions in Each Term
  bond_ene        =          0  angle_ene       =        390
  bond_ene_cgDNA  =        296
  torsion_ene     =        580  rb_torsion_ene  =          0
  base_stack_ene  =         98
  improper_ene    =          0
  nb_exclusions   =        784  nb14_calc       =        388
  vsite2_ene      =          0  vsite3_ene      =          0
  vsite3fd_ene    =          0  vsite3fad_ene   =          0
  vsite3out_ene   =          0  vsite4fdn_ene   =          0
  vsiten_ene      =          0
 restraint_groups =          0 restraint_funcs  =          0
 
Get_Morph_in> Morphing check
  morphing_bb =           0  morphing_sc =           0
Setup_Fitting_Atdyn> NO fitting is applied, skip
  fitting method  =  NO

[STEP4] Compute Single Point Energy for Molecules
 
            STEP          ENERGY            BOND           ANGLE        DIHEDRAL   BASE_STACKING  NATIVE_CONTACT NON-NATIVE_CONT           ELECT    BASE_PAIRING
 --------------- --------------- --------------- --------------- ---------------
               0        -58.9653         82.9068        166.4761       -152.0463       -155.5611          0.0000          0.2168         10.8857        -11.8432

[STEP5] Perform Molecular Dynamics Simulation
 
Random_Init> Initialize the random number
  seed            = 1466951294

INFO:       STEP            TIME       TOTAL_ENE   POTENTIAL_ENE     KINETIC_ENE            RMSG            BOND           ANGLE        DIHEDRAL      BASE_STACK       BASE_PAIR  NATIVE_CONTACT NON-NATIVE_CONT           ELECT     TEMPERATURE          VOLUME
 --------------- --------------- --------------- --------------- ---------------
INFO:       1000         20.0000        356.7600        -40.4474        397.2074          0.0000         68.5946        207.2576       -150.5625       -154.0463        -22.3255          0.0000          0.1298         10.5050        450.1888          0.0000

INFO:       2000         40.0000        284.5777        -92.6140        377.1916          0.0000         67.1527        163.6890       -161.4464       -144.6319        -27.5536          0.0000          0.0473         10.1289        427.5033          0.0000

INFO:       3000         60.0000        261.0987       -113.9990        375.0976          0.0000         57.5829        182.0288       -167.3452       -161.9674        -35.7581          0.0000          1.8996          9.5604        425.1300          0.0000

INFO:       4000         80.0000        197.7795       -184.1355        381.9150          0.0000         53.6524        152.8820       -178.4532       -189.1791        -34.5041          0.0000          1.1918         10.2748        432.8567          0.0000

INFO:       5000        100.0000        157.6646       -227.8065        385.4711          0.0000         51.2684        144.5205       -186.0859       -203.6099        -45.7417          0.0000          2.0579          9.7842        436.8871          0.0000

INFO:       6000        120.0000        114.9719       -253.2466        368.2186          0.0000         54.4741        139.1247       -205.4034       -218.5439        -34.1796          0.0000          0.4225         10.8591        417.3333          0.0000

INFO:       7000        140.0000         88.6399       -237.6331        326.2729          0.0000         58.8422        148.3989       -215.5856       -197.0710        -40.8086          0.0000          0.1438          8.4473        369.7928          0.0000

INFO:       8000        160.0000         67.1480       -273.6160        340.7639          0.0000         56.7288        139.4225       -202.0161       -216.1040        -61.4590          0.0000          0.2550          9.5568        386.2167          0.0000

INFO:       9000        180.0000         46.8535       -292.4022        339.2557          0.0000         51.2348        146.4266       -221.8245       -216.8616        -60.7325          0.0000          0.2622          9.0927        384.5073          0.0000

INFO:      10000        200.0000         26.1171       -296.6241        322.7412          0.0000         63.3690        151.0933       -230.6460       -232.4937        -56.5516          0.0000          0.0515          8.5534        365.7900          0.0000

INFO:      11000        220.0000         -0.8753       -308.8833        308.0080          0.0000         53.2983        127.6862       -220.9275       -223.0922        -53.4006          0.0000          0.0068          7.5457        349.0916          0.0000

INFO:      12000        240.0000        -25.9737       -331.0539        305.0802          0.0000         51.2353        140.6596       -232.5744       -238.8103        -60.4922          0.0000          0.7796          8.1484        345.7733          0.0000

INFO:      13000        260.0000        -40.8778       -342.6155        301.7377          0.0000         44.6338        141.5942       -236.2186       -235.8047        -65.7255          0.0000          0.4533          8.4520        341.9849          0.0000

INFO:      14000        280.0000        -39.9207       -374.5816        334.6609          0.0000         71.6590        115.6290       -245.0995       -258.7498        -66.9796          0.0000          0.8491          8.1102        379.2997          0.0000

INFO:      15000        300.0000        -61.4069       -361.0216        299.6148          0.0000         43.7860        115.9202       -229.4231       -239.3448        -61.5543          0.0000          0.5806          9.0138        339.5789          0.0000

INFO:      16000        320.0000        -77.7495       -367.8561        290.1066          0.0000         44.8903        131.4576       -246.9174       -242.8644        -63.0914          0.0000          0.2192          8.4500        328.8024          0.0000

INFO:      17000        340.0000        -79.0681       -373.7652        294.6971          0.0000         46.4321        115.3309       -234.4474       -247.7289        -63.2566          0.0000          0.6207          9.2839        334.0052          0.0000

INFO:      18000        360.0000        -93.9358       -407.4616        313.5257          0.0000         42.1820        112.2804       -251.4885       -254.0903        -65.6693          0.0000          0.2587          9.0653        355.3453          0.0000

INFO:      19000        380.0000       -106.4734       -406.7532        300.2798          0.0000         52.5658        101.1628       -258.3105       -244.6963        -67.0561          0.0000          0.6177          8.9635        340.3325          0.0000

INFO:      20000        400.0000       -124.4937       -418.6166        294.1230          0.0000         38.2268        110.6418       -257.5727       -251.0034        -67.7633          0.0000          0.5005          8.3538        333.3545          0.0000

INFO:      21000        420.0000       -128.9450       -408.6344        279.6894          0.0000         40.8555        118.2502       -256.1667       -247.8510        -72.9714          0.0000          1.2935          7.9556        316.9957          0.0000

INFO:      22000        440.0000       -141.8639       -410.4498        268.5859          0.0000         41.8910        110.3687       -257.9101       -243.7000        -68.9886          0.0000          0.0216          7.8677        304.4112          0.0000

INFO:      23000        460.0000       -137.1306       -413.0122        275.8816          0.0000         44.4139        112.5841       -252.5260       -253.8331        -73.7901          0.0000          1.7614          8.3776        312.6801          0.0000

INFO:      24000        480.0000       -133.6397       -408.1080        274.4683          0.0000         43.1859        115.0918       -250.7591       -249.7658        -75.7848          0.0000          0.5851          9.3388        311.0783          0.0000

INFO:      25000        500.0000       -145.0022       -433.9175        288.9153          0.0000         51.7857        104.3516       -263.4155       -253.3101        -81.8009          0.0000          0.0826          8.3890        327.4522          0.0000

INFO:      26000        520.0000       -132.6841       -409.1959        276.5118          0.0000         49.6443        118.2046       -263.8420       -248.1116        -75.0682          0.0000          0.1322          9.8448        313.3943          0.0000

INFO:      27000        540.0000       -136.0611       -423.7692        287.7081          0.0000         46.6522        111.3167       -255.2163       -260.2631        -76.0221          0.0000          0.8735          8.8898        326.0840          0.0000

INFO:      28000        560.0000       -140.0873       -438.0039        297.9166          0.0000         39.8374        106.1475       -273.1702       -251.3581        -68.3332          0.0000          0.1551          8.7177        337.6541          0.0000

INFO:      29000        580.0000       -155.1285       -433.6535        278.5250          0.0000         39.2270        107.5299       -261.1708       -254.5846        -73.8600          0.0000          0.1843          9.0206        315.6760          0.0000

INFO:      30000        600.0000       -156.1390       -419.8615        263.7225          0.0000         40.8473        114.6107       -254.7089       -257.9791        -71.4398          0.0000          0.0017          8.8066        298.8991          0.0000

INFO:      31000        620.0000       -179.8279       -440.3929        260.5650          0.0000         34.6579        110.1495       -262.2625       -257.1010        -75.3202          0.0000          0.1802          9.3032        295.3204          0.0000

INFO:      32000        640.0000       -167.4988       -436.9047        269.4059          0.0000         41.7712        109.5847       -257.2431       -261.7724        -78.4470          0.0000          0.3053          8.8966        305.3406          0.0000

INFO:      33000        660.0000       -174.3382       -431.2705        256.9323          0.0000         46.0175        103.7370       -258.0931       -253.2507        -79.0636          0.0000          0.4022          8.9802        291.2032          0.0000

INFO:      34000        680.0000       -158.1038       -429.1245        271.0207          0.0000         44.9899        109.6851       -266.4014       -252.6816        -74.5272          0.0000          0.5068          9.3039        307.1707          0.0000

INFO:      35000        700.0000       -153.6497       -428.7167        275.0670          0.0000         51.3978        108.0002       -267.3672       -250.6919        -78.1570          0.0000          0.0375          8.0639        311.7567          0.0000

INFO:      36000        720.0000       -176.9755       -441.3106        264.3352          0.0000         56.6023         87.5494       -266.5792       -258.4176        -68.9546          0.0000          0.2541          8.2349        299.5935          0.0000

INFO:      37000        740.0000       -180.6096       -440.2669        259.6573          0.0000         38.3063        108.2009       -260.0098       -256.6688        -78.3561          0.0000          0.3159          7.9447        294.2917          0.0000

INFO:      38000        760.0000       -185.9209       -455.8491        269.9282          0.0000         48.7240         99.0055       -274.4680       -261.0557        -77.1238          0.0000          0.9330          8.1359        305.9325          0.0000

INFO:      39000        780.0000       -185.2057       -450.6196        265.4139          0.0000         44.2203         94.9028       -263.8337       -258.8126        -75.4017          0.0000          0.2595          8.0457        300.8161          0.0000

INFO:      40000        800.0000       -168.2531       -438.0515        269.7984          0.0000         46.7477        100.0260       -264.0550       -253.6053        -76.2001          0.0000          0.3662          8.6691        305.7854          0.0000

INFO:      41000        820.0000       -171.9151       -437.8441        265.9290          0.0000         39.6102        100.1040       -260.2707       -252.2076        -73.3365          0.0000          0.0530          8.2037        301.3999          0.0000

INFO:      42000        840.0000       -165.8111       -444.0117        278.2006          0.0000         43.3345         99.6215       -262.7830       -256.2755        -77.0177          0.0000          0.1527          8.9559        315.3084          0.0000

INFO:      43000        860.0000       -167.3229       -431.0507        263.7278          0.0000         42.9817        108.1941       -255.7614       -259.5703        -75.9505          0.0000          0.0954          8.9602        298.9051          0.0000

INFO:      44000        880.0000       -186.7019       -447.9894        261.2875          0.0000         37.3454        104.8655       -274.2485       -252.2339        -72.6123          0.0000          0.1307          8.7638        296.1393          0.0000

INFO:      45000        900.0000       -172.3203       -438.6079        266.2876          0.0000         42.2399        101.9036       -267.8804       -252.4170        -70.6105          0.0000          0.1617          7.9948        301.8064          0.0000

INFO:      46000        920.0000       -163.6839       -423.7145        260.0306          0.0000         45.3192        106.9434       -260.1189       -257.0222        -67.9541          0.0000          0.3200          8.7980        294.7148          0.0000

INFO:      47000        940.0000       -179.9736       -431.5423        251.5687          0.0000         48.1086        110.1228       -268.6292       -255.8810        -73.5313          0.0000          0.0252          8.2426        285.1241          0.0000

INFO:      48000        960.0000       -176.9165       -444.8061        267.8896          0.0000         36.8408        101.8506       -265.0099       -256.1399        -71.7039          0.0000          0.1131          9.2430        303.6220          0.0000

INFO:      49000        980.0000       -178.2868       -429.0811        250.7942          0.0000         39.1668        119.0580       -267.6560       -253.4048        -76.6553          0.0000          0.1758         10.2344        284.2464          0.0000

INFO:      50000       1000.0000       -150.4483       -425.6607        275.2123          0.0000         37.5105        113.2634       -258.0379       -252.8328        -74.4649          0.0000          0.0814          8.8197        311.9215          0.0000

INFO:      51000       1020.0000       -163.8667       -439.8580        275.9913          0.0000         43.8580        103.6429       -265.0565       -256.7382        -73.6341          0.0000          0.1868          7.8830        312.8044          0.0000

INFO:      52000       1040.0000       -154.2586       -436.6174        282.3588          0.0000         48.5935        100.0499       -263.8804       -257.4203        -73.2163          0.0000          0.6013          8.6548        320.0212          0.0000

INFO:      53000       1060.0000       -160.9868       -436.3335        275.3468          0.0000         43.8060        108.9668       -271.3220       -250.4832        -75.4489          0.0000          0.2592          7.8886        312.0739          0.0000

INFO:      54000       1080.0000       -150.2226       -429.0380        278.8154          0.0000         50.5471        114.9220       -268.1065       -261.3740        -73.4503          0.0000          0.0761          8.3475        316.0052          0.0000

INFO:      55000       1100.0000       -162.9870       -424.5811        261.5941          0.0000         41.9706         98.4401       -257.7148       -254.1793        -62.1685          0.0000          0.4400          8.6308        296.4868          0.0000

INFO:      56000       1120.0000       -172.1870       -446.4414        274.2544          0.0000         36.9930        102.4482       -257.9743       -263.9336        -73.2985          0.0000          0.2415          9.0824        310.8358          0.0000

INFO:      57000       1140.0000       -180.2861       -453.1298        272.8437          0.0000         35.9190         95.8734       -261.9758       -256.2790        -74.9982          0.0000          0.1457          8.1852        309.2369          0.0000

INFO:      58000       1160.0000       -161.0678       -439.1425        278.0747          0.0000         43.0621        112.0005       -266.9759       -259.9189        -75.4922          0.0000          0.0440          8.1380        315.1656          0.0000

INFO:      59000       1180.0000       -136.9006       -426.9341        290.0334          0.0000         41.0940        122.9480       -264.0272       -264.7432        -72.2919          0.0000          1.0698          9.0164        328.7195          0.0000

INFO:      60000       1200.0000       -133.0251       -422.6035        289.5784          0.0000         36.3854        108.9224       -262.1988       -243.5759        -71.0832          0.0000          0.5134          8.4331        328.2038          0.0000

INFO:      61000       1220.0000       -143.5420       -408.8219        265.2800          0.0000         47.6945        103.6241       -252.5614       -251.2838        -65.9275          0.0000          0.3543          9.2779        300.6643          0.0000

INFO:      62000       1240.0000       -139.2609       -409.4287        270.1678          0.0000         43.6499        105.0538       -256.4498       -250.4595        -60.1392          0.0000          0.5352          8.3809        306.2041          0.0000

INFO:      63000       1260.0000       -146.4156       -420.2700        273.8544          0.0000         44.0835        105.4229       -257.3442       -253.1269        -67.8619          0.0000          0.0476          8.5090        310.3824          0.0000

INFO:      64000       1280.0000       -144.4076       -409.4234        265.0158          0.0000         55.3322        109.8073       -253.1085       -263.3604        -69.1939          0.0000          1.1015          9.9983        300.3649          0.0000

INFO:      65000       1300.0000       -132.2521       -403.2262        270.9741          0.0000         45.3475        106.3361       -252.2955       -245.1104        -66.8918          0.0000          0.2232          9.1646        307.1180          0.0000

INFO:      66000       1320.0000       -124.6493       -389.3195        264.6701          0.0000         41.6245        112.1832       -248.3342       -238.4067        -67.1435          0.0000          1.5540          9.2032        299.9731          0.0000

INFO:      67000       1340.0000       -149.8917       -410.1164        260.2247          0.0000         42.9848        103.7783       -256.7978       -250.3915        -59.5316          0.0000          0.5639          9.2776        294.9347          0.0000

INFO:      68000       1360.0000       -161.7988       -426.5912        264.7924          0.0000         41.9822         97.2783       -253.5687       -250.3731        -70.3906          0.0000          0.0938          8.3870        300.1117          0.0000

INFO:      69000       1380.0000       -157.4817       -423.1763        265.6947          0.0000         41.3428        105.9510       -258.6660       -247.7360        -73.1597          0.0000          0.1646          8.9269        301.1343          0.0000

INFO:      70000       1400.0000       -149.7401       -414.5695        264.8293          0.0000         46.1720        100.8907       -258.2639       -246.0517        -66.2142          0.0000          0.3764          8.5211        300.1536          0.0000

INFO:      71000       1420.0000       -155.4741       -424.7756        269.3015          0.0000         42.3187        105.4187       -262.6688       -247.3041        -71.1188          0.0000          0.6337          7.9448        305.2223          0.0000

INFO:      72000       1440.0000       -182.1546       -446.4833        264.3287          0.0000         31.5033        107.5100       -264.8576       -260.6900        -71.2236          0.0000          0.1246         11.1501        299.5862          0.0000

INFO:      73000       1460.0000       -177.3967       -449.2947        271.8980          0.0000         28.6651        105.2280       -257.7275       -267.1848        -68.1769          0.0000          0.2648          9.6367        308.1651          0.0000

INFO:      74000       1480.0000       -178.0963       -418.4464        240.3501          0.0000         43.7928        110.6130       -259.9498       -251.6372        -70.3927          0.0000          0.5246          8.6030        272.4092          0.0000

INFO:      75000       1500.0000       -178.8244       -432.6609        253.8365          0.0000         40.3307        112.3596       -257.9859       -264.5220        -71.4730          0.0000          0.4688          8.1610        287.6944          0.0000

INFO:      76000       1520.0000       -168.2424       -427.5469        259.3046          0.0000         45.7212        101.1148       -260.5673       -249.4793        -73.0511          0.0000          0.6954          8.0193        293.8919          0.0000

INFO:      77000       1540.0000       -181.9398       -442.9365        260.9967          0.0000         42.8803         97.4373       -265.7748       -257.9128        -68.1847          0.0000          0.3395          8.2786        295.8097          0.0000

INFO:      78000       1560.0000       -182.7138       -445.9587        263.2449          0.0000         47.8830         98.8694       -267.4940       -259.8106        -74.2492          0.0000          0.4777          8.3650        298.3578          0.0000

INFO:      79000       1580.0000       -169.5990       -433.7293        264.1303          0.0000         34.7530        122.1246       -266.6210       -257.6788        -75.1235          0.0000          0.1502          8.6662        299.3613          0.0000

INFO:      80000       1600.0000       -174.7770       -432.1436        257.3665          0.0000         40.6537         94.9208       -264.3063       -243.1128        -67.8500          0.0000          0.0956          7.4554        291.6953          0.0000

INFO:      81000       1620.0000       -169.6660       -434.7107        265.0447          0.0000         36.8818        108.2000       -266.8144       -254.4544        -65.9229          0.0000          0.0923          7.3070        300.3977          0.0000

INFO:      82000       1640.0000       -172.6741       -423.9225        251.2484          0.0000         39.6872        112.6594       -268.5070       -249.0282        -66.6636          0.0000          0.1854          7.7443        284.7612          0.0000

INFO:      83000       1660.0000       -165.0533       -427.5998        262.5465          0.0000         39.5130        113.5333       -261.9593       -260.5347        -66.5140          0.0000          0.7000          7.6620        297.5662          0.0000

INFO:      84000       1680.0000       -177.7184       -426.8413        249.1228          0.0000         53.9403         90.9067       -260.0182       -246.2330        -74.2575          0.0000          0.1609          8.6594        282.3520          0.0000

INFO:      85000       1700.0000       -163.3131       -437.2496        273.9366          0.0000         46.6348        107.3366       -262.1640       -260.9606        -78.1694          0.0000          0.2701          9.8030        310.4756          0.0000

INFO:      86000       1720.0000       -150.1213       -415.4808        265.3595          0.0000         45.2475        113.0126       -255.1783       -258.4920        -72.9631          0.0000          2.2375         10.6549        300.7545          0.0000

INFO:      87000       1740.0000       -160.2389       -427.8924        267.6535          0.0000         35.7825        105.4450       -265.5286       -251.7016        -60.8534          0.0000          0.0808          8.8829        303.3544          0.0000

INFO:      88000       1760.0000       -182.7633       -444.3848        261.6216          0.0000         38.9685        109.6144       -264.5740       -267.4408        -69.5922          0.0000          0.2047          8.4345        296.5179          0.0000

INFO:      89000       1780.0000       -192.1496       -441.8940        249.7444          0.0000         44.2090         92.9524       -267.0501       -257.3029        -63.7402          0.0000          0.4095          8.6283        283.0565          0.0000

INFO:      90000       1800.0000       -189.4252       -452.0077        262.5825          0.0000         43.6068         98.8228       -269.3840       -263.3470        -71.0010          0.0000          0.0764          9.2183        297.6070          0.0000

INFO:      91000       1820.0000       -195.8675       -467.2813        271.4138          0.0000         39.3330        100.8864       -265.8021       -262.5224        -88.2201          0.0000          0.2874          8.7564        307.6163          0.0000

INFO:      92000       1840.0000       -184.9791       -463.1276        278.1485          0.0000         40.8942         96.4761       -264.3666       -256.3536        -88.1564          0.0000          0.0108          8.3679        315.2493          0.0000

INFO:      93000       1860.0000       -202.6787       -470.5786        267.8999          0.0000         39.8569        108.1925       -274.4677       -256.6066        -96.9457          0.0000          0.6411          8.7510        303.6337          0.0000

INFO:      94000       1880.0000       -204.7695       -460.9758        256.2063          0.0000         51.4222        105.2692       -271.1989       -254.9662       -101.0458          0.0000          0.7680          8.7757        290.3803          0.0000

INFO:      95000       1900.0000       -197.7790       -449.3893        251.6103          0.0000         43.4832        106.8216       -265.7142       -245.5195        -97.5864          0.0000          0.1681          8.9578        285.1714          0.0000

INFO:      96000       1920.0000       -221.7882       -468.9076        247.1194          0.0000         44.7160        105.4076       -272.0396       -256.9645        -99.5106          0.0000          0.4984          8.9851        280.0814          0.0000

INFO:      97000       1940.0000       -210.2495       -475.4656        265.2161          0.0000         43.1036        103.4104       -272.3308       -252.6479       -105.7840          0.0000          0.0738          8.7093        300.5919          0.0000

INFO:      98000       1960.0000       -211.4660       -479.4084        267.9424          0.0000         38.6786        104.6947       -270.0914       -262.1067       -100.2637          0.0000          0.5409          9.1391        303.6819          0.0000

INFO:      99000       1980.0000       -194.1772       -476.0499        281.8727          0.0000         37.9091         97.1777       -265.7464       -252.5528       -101.7452          0.0000          0.1098          8.7980        319.4702          0.0000

INFO:     100000       2000.0000       -192.7853       -468.2791        275.4939          0.0000         40.5048        116.2884       -278.4535       -262.4744        -93.3546          0.0000          0.0501          9.1600        312.2406          0.0000

INFO:     101000       2020.0000       -196.4318       -450.9330        254.5012          0.0000         39.8627        114.8654       -263.7308       -258.9308        -92.7905          0.0000          0.3010          9.4899        288.4478          0.0000

INFO:     102000       2040.0000       -188.6181       -465.6293        277.0112          0.0000         53.4474         97.5947       -269.9515       -262.4915        -94.3045          0.0000          0.3268          9.7492        313.9603          0.0000

INFO:     103000       2060.0000       -172.8495       -451.5706        278.7211          0.0000         43.7197        119.1145       -267.5335       -256.3618       -101.5591          0.0000          0.4109         10.6388        315.8982          0.0000

INFO:     104000       2080.0000       -189.7368       -465.6469        275.9101          0.0000         39.2350        110.8748       -264.7196       -258.2757       -103.0007          0.0000          0.3390          9.9003        312.7123          0.0000

INFO:     105000       2100.0000       -198.4362       -479.5713        281.1351          0.0000         44.1154         97.9119       -266.6564       -262.5648       -102.7814          0.0000          0.0573         10.3466        318.6343          0.0000

INFO:     106000       2120.0000       -188.9350       -463.3519        274.4168          0.0000         41.8711        111.6414       -268.5750       -256.0037       -102.0116          0.0000          0.0873          9.6386        311.0199          0.0000

INFO:     107000       2140.0000       -200.6366       -473.1351        272.4985          0.0000         42.1596        104.6441       -269.5554       -256.4704       -104.9306          0.0000          0.2365         10.7812        308.8457          0.0000

INFO:     108000       2160.0000       -216.7935       -498.5294        281.7359          0.0000         43.5994        108.5063       -284.1385       -266.0914       -110.7936          0.0000          0.3115         10.0769        319.3152          0.0000

INFO:     109000       2180.0000       -215.7731       -484.5060        268.7329          0.0000         41.2101        111.8530       -268.4189       -259.7214       -120.2474          0.0000          1.1120          9.7067        304.5778          0.0000

INFO:     110000       2200.0000       -224.9144       -493.5523        268.6378          0.0000         45.6316        113.4388       -272.1919       -258.5286       -132.5473          0.0000          0.2256         10.4196        304.4701          0.0000

INFO:     111000       2220.0000       -238.2079       -504.3250        266.1171          0.0000         41.8795        104.2775       -269.2923       -257.5071       -134.2107          0.0000          0.3164         10.2117        301.6131          0.0000

INFO:     112000       2240.0000       -262.7186       -518.9410        256.2223          0.0000         40.9549        108.9131       -273.3046       -265.8287       -140.0837          0.0000          0.2073         10.2008        290.3985          0.0000

INFO:     113000       2260.0000       -278.1736       -537.8684        259.6947          0.0000         42.6728         91.4273       -278.3366       -264.0637       -140.6398          0.0000          0.6310         10.4406        294.3341          0.0000

INFO:     114000       2280.0000       -258.8778       -525.8260        266.9482          0.0000         41.3665         97.2392       -273.9856       -263.9315       -136.9223          0.0000          0.1271         10.2806        302.5551          0.0000

INFO:     115000       2300.0000       -261.1565       -520.4878        259.3312          0.0000         43.6050        107.9426       -274.3818       -272.2755       -136.4661          0.0000          0.2856         10.8026        293.9221          0.0000

INFO:     116000       2320.0000       -273.1852       -522.0464        248.8612          0.0000         41.6010         97.1551       -278.3210       -258.0452       -135.7884          0.0000          0.5880         10.7641        282.0555          0.0000

INFO:     117000       2340.0000       -288.9326       -548.3175        259.3849          0.0000         34.5942         88.5998       -279.6900       -261.1929       -141.0513          0.0000          0.2343         10.1885        293.9829          0.0000

INFO:     118000       2360.0000       -286.7656       -518.8001        232.0345          0.0000         42.0916         96.8489       -275.5364       -254.0829       -138.8117          0.0000          0.7954          9.8950        262.9844          0.0000

INFO:     119000       2380.0000       -282.4318       -527.4031        244.9713          0.0000         41.0483         94.3864       -280.5821       -258.5032       -133.9793          0.0000          0.4904          9.7364        277.6468          0.0000

INFO:     120000       2400.0000       -268.8697       -531.0350        262.1653          0.0000         37.9100        102.8669       -280.6929       -262.0279       -140.1104          0.0000          0.0350         10.9842        297.1342          0.0000

INFO:     121000       2420.0000       -263.3016       -522.0619        258.7603          0.0000         40.1918        109.7272       -276.2367       -256.2201       -150.1764          0.0000          0.0664         10.5860        293.2750          0.0000

INFO:     122000       2440.0000       -269.6844       -530.0456        260.3611          0.0000         45.6349         95.5807       -271.4944       -260.2112       -150.6854          0.0000          0.4986         10.6313        295.0894          0.0000

INFO:     123000       2460.0000       -273.6797       -545.7449        272.0652          0.0000         35.6300         97.9053       -279.5435       -261.9750       -148.4372          0.0000          0.5882         10.0874        308.3546          0.0000

INFO:     124000       2480.0000       -275.8072       -520.4716        244.6644          0.0000         41.9293        103.2487       -269.5731       -268.8309       -137.8713          0.0000          0.1542         10.4715        277.2989          0.0000

INFO:     125000       2500.0000       -268.8881       -526.7745        257.8864          0.0000         49.2590         96.4079       -277.8594       -257.8699       -147.9090          0.0000          0.5039         10.6930        292.2845          0.0000

INFO:     126000       2520.0000       -267.4377       -532.6249        265.1872          0.0000         43.3882         97.7588       -271.4296       -261.5413       -151.9717          0.0000          0.4760         10.6948        300.5591          0.0000

INFO:     127000       2540.0000       -285.4082       -544.9222        259.5141          0.0000         36.1616        107.6026       -278.6966       -263.2278       -157.3161          0.0000          0.2748         10.2792        294.1293          0.0000

INFO:     128000       2560.0000       -289.5905       -537.7746        248.1840          0.0000         47.9442         93.6837       -280.1186       -259.7572       -150.7960          0.0000          0.5101         10.7591        281.2880          0.0000

INFO:     129000       2580.0000       -298.6244       -549.6577        251.0333          0.0000         46.5064         93.0595       -274.3912       -265.0361       -161.0371          0.0000          0.0513         11.1895        284.5174          0.0000

INFO:     130000       2600.0000       -291.5060       -551.1012        259.5952          0.0000         39.0042        100.5615       -277.5508       -263.2811       -161.2558          0.0000          0.1417         11.2792        294.2213          0.0000

INFO:     131000       2620.0000       -285.5773       -579.9249        294.3476          0.0000         34.7928         88.4008       -278.4380       -265.9732       -169.9439          0.0000          0.2797         10.9570        333.6091          0.0000

INFO:     132000       2640.0000       -281.7224       -586.7429        305.0206          0.0000         36.0113         94.5179       -281.5647       -268.5147       -178.7470          0.0000          0.5662         10.9880        345.7057          0.0000

INFO:     133000       2660.0000       -291.6374       -568.6714        277.0340          0.0000         50.8165        105.3234       -282.3632       -268.8459       -185.3550          0.0000          0.8374         10.9154        313.9861          0.0000

INFO:     134000       2680.0000       -298.6295       -578.9773        280.3478          0.0000         44.6255        110.5225       -284.5885       -270.0475       -190.4743          0.0000          0.1154         10.8696        317.7420          0.0000

INFO:     135000       2700.0000       -302.8893       -579.9786        277.0893          0.0000         45.1797        105.8503       -283.7341       -268.5071       -189.9327          0.0000          0.3420         10.8232        314.0489          0.0000

INFO:     136000       2720.0000       -287.5461       -577.2566        289.7105          0.0000         45.8238         98.6381       -280.6056       -264.4921       -187.3124          0.0000          0.2360         10.4556        328.3535          0.0000

INFO:     137000       2740.0000       -290.8272       -555.6271        264.7998          0.0000         51.4338        114.0136       -277.0416       -263.9941       -191.6052          0.0000          0.6971         10.8692        300.1201          0.0000

INFO:     138000       2760.0000       -303.2878       -591.3551        288.0674          0.0000         36.2863        101.6814       -283.0227       -266.8749       -190.6554          0.0000          0.3092         10.9210        326.4912          0.0000

INFO:     139000       2780.0000       -280.7782       -569.1278        288.3496          0.0000         44.0899        104.7888       -277.1120       -257.0922       -195.3914          0.0000          0.3134         11.2757        326.8111          0.0000

INFO:     140000       2800.0000       -288.6279       -583.7691        295.1413          0.0000         44.5127        107.1727       -285.7586       -266.5637       -195.3467          0.0000          0.6393         11.5752        334.5087          0.0000

INFO:     141000       2820.0000       -301.7411       -580.1566        278.4155          0.0000         43.6351        103.5388       -283.4253       -260.4015       -194.9708          0.0000          0.2876         11.1795        315.5519          0.0000

INFO:     142000       2840.0000       -325.4896       -598.5109        273.0213          0.0000         37.9509        102.5032       -284.4261       -273.5092       -192.5355          0.0000          0.0935         11.4124        309.4382          0.0000

INFO:     143000       2860.0000       -314.5543       -611.2474        296.6931          0.0000         44.5826         87.9058       -291.2239       -274.7711       -189.4031          0.0000          0.1866         11.4758        336.2674          0.0000

INFO:     144000       2880.0000       -288.7495       -602.6490        313.8995          0.0000         39.4581        102.0429       -285.1622       -271.2120       -199.4127          0.0000          0.3760         11.2610        355.7689          0.0000

INFO:     145000       2900.0000       -304.4586       -614.1428        309.6842          0.0000         46.2518         99.7589       -292.2863       -268.7326       -210.4507          0.0000          0.2386         11.0775        350.9914          0.0000

INFO:     146000       2920.0000       -309.3030       -597.7307        288.4277          0.0000         50.8828         98.1170       -289.2431       -260.0844       -208.5593          0.0000          0.2849         10.8713        326.8996          0.0000

INFO:     147000       2940.0000       -330.5086       -601.5042        270.9955          0.0000         45.0178        111.2954       -289.1671       -272.4433       -208.3502          0.0000          0.7824         11.3608        307.1422          0.0000

INFO:     148000       2960.0000       -333.9159       -617.8471        283.9311          0.0000         46.1812         91.9277       -290.2235       -269.7615       -207.3637          0.0000          0.3459         11.0469        321.8033          0.0000

INFO:     149000       2980.0000       -341.9510       -629.7128        287.7618          0.0000         41.2386         93.5623       -298.0992       -271.3820       -206.7554          0.0000          0.6836         11.0394        326.1448          0.0000

INFO:     150000       3000.0000       -360.5408       -620.7208        260.1800          0.0000         57.5008         98.4358       -293.7504       -271.5878       -223.2676          0.0000          0.9495         10.9990        294.8841          0.0000

INFO:     151000       3020.0000       -372.3135       -647.2644        274.9509          0.0000         31.2169         86.1558       -294.6582       -269.8201       -211.4738          0.0000          0.2032         11.1118        311.6252          0.0000

INFO:     152000       3040.0000       -348.4542       -618.4270        269.9728          0.0000         41.4827        103.1201       -286.2269       -263.5826       -224.5285          0.0000          0.4126         10.8957        305.9831          0.0000

INFO:     153000       3060.0000       -348.9274       -632.4936        283.5662          0.0000         41.0856        101.3373       -296.4655       -269.7917       -220.1024          0.0000          0.2072         11.2358        321.3897          0.0000

INFO:     154000       3080.0000       -365.9392       -637.2296        271.2903          0.0000         40.6582         89.3247       -289.1391       -273.8103       -215.4790          0.0000          0.1136         11.1024        307.4764          0.0000

INFO:     155000       3100.0000       -356.4710       -633.8105        277.3395          0.0000         36.4200         95.3626       -289.9679       -269.2967       -218.0868          0.0000          0.6029         11.1553        314.3325          0.0000

INFO:     156000       3120.0000       -350.5157       -632.6221        282.1065          0.0000         36.9891         95.6049       -291.8167       -270.4905       -214.3802          0.0000          0.3694         11.1018        319.7352          0.0000

INFO:     157000       3140.0000       -363.3411       -630.7532        267.4120          0.0000         37.0041         97.3745       -294.1733       -268.2941       -214.8553          0.0000          0.8349         11.3560        303.0808          0.0000

INFO:     158000       3160.0000       -365.1603       -616.2415        251.0813          0.0000         48.0919         87.6701       -292.2589       -269.2541       -201.8876          0.0000          0.2112         11.1860        284.5717          0.0000

INFO:     159000       3180.0000       -359.1380       -629.7011        270.5632          0.0000         46.5726        102.6993       -296.0624       -270.9682       -223.2519          0.0000          0.2046         11.1049        306.6522          0.0000

INFO:     160000       3200.0000       -352.2462       -633.1259        280.8797          0.0000         37.9032         99.1612       -291.4015       -268.5021       -221.8457          0.0000          0.5212         11.0378        318.3448          0.0000

INFO:     161000       3220.0000       -322.9794       -612.8077        289.8283          0.0000         48.9574        102.8868       -291.0487       -272.9088       -212.4049          0.0000          0.6621         11.0483        328.4870          0.0000

INFO:     162000       3240.0000       -344.3389       -626.7222        282.3833          0.0000         47.2231         92.8386       -291.3853       -270.3709       -216.2357          0.0000          0.0772         11.1309        320.0489          0.0000

INFO:     163000       3260.0000       -354.3336       -638.9366        284.6029          0.0000         33.6578         95.2291       -291.1842       -277.5550       -211.2674          0.0000          0.5731         11.6100        322.5647          0.0000

INFO:     164000       3280.0000       -354.1202       -615.5268        261.4066          0.0000         44.7630         96.0806       -289.3552       -269.4673       -209.3480          0.0000          0.8763         10.9239        296.2743          0.0000

INFO:     165000       3300.0000       -352.2697       -625.0698        272.8001          0.0000         39.7118        100.7262       -288.0008       -271.2006       -217.8619          0.0000          0.3233         11.2322        309.1875          0.0000

INFO:     166000       3320.0000       -345.3914       -619.9023        274.5109          0.0000         42.0947        100.2288       -287.7333       -272.0277       -214.4521          0.0000          0.7702         11.2171        311.1266          0.0000

INFO:     167000       3340.0000       -351.2938       -625.1318        273.8380          0.0000         39.1621         97.5062       -291.2641       -269.5171       -212.6887          0.0000          0.3642         11.3055        310.3638          0.0000

INFO:     168000       3360.0000       -355.8957       -625.0758        269.1801          0.0000         38.8058        101.8053       -290.9948       -271.5286       -215.4934          0.0000          1.1295         11.2004        305.0846          0.0000

INFO:     169000       3380.0000       -373.4766       -621.4846        248.0080          0.0000         44.8075         85.2730       -288.4222       -264.9762       -210.1843          0.0000          0.7143         11.3033        281.0885          0.0000

INFO:     170000       3400.0000       -389.7169       -636.6691        246.9522          0.0000         43.3269         93.2683       -290.9218       -274.7962       -218.9974          0.0000          0.2664         11.1846        279.8919          0.0000

INFO:     171000       3420.0000       -375.0956       -638.7080        263.6123          0.0000         43.8899         91.3647       -292.8876       -274.8518       -217.2525          0.0000          0.1431         10.8863        298.7742          0.0000

INFO:     172000       3440.0000       -366.3921       -626.1803        259.7882          0.0000         44.6652         87.6958       -290.3313       -263.2748       -216.1199          0.0000          0.1454         11.0393        294.4400          0.0000

INFO:     173000       3460.0000       -346.3826       -614.1869        267.8043          0.0000         39.0334        105.9286       -288.9447       -268.3934       -213.2312          0.0000          0.3893         11.0311        303.5254          0.0000

INFO:     174000       3480.0000       -327.9055       -608.7718        280.8663          0.0000         43.5191         98.3155       -286.3564       -265.5142       -210.0467          0.0000          0.2218         11.0891        318.3296          0.0000

INFO:     175000       3500.0000       -329.6520       -599.1727        269.5208          0.0000         44.8371        114.7491       -290.2411       -266.5981       -213.2685          0.0000          0.3155         11.0332        305.4708          0.0000

INFO:     176000       3520.0000       -319.1838       -618.0276        298.8438          0.0000         43.2423         99.5624       -293.7870       -262.3885       -216.3448          0.0000          0.2418         11.4462        338.7051          0.0000

INFO:     177000       3540.0000       -320.9067       -608.6786        287.7719          0.0000         47.3824         91.2646       -291.2339       -262.9463       -204.2244          0.0000          0.1751         10.9038        326.1563          0.0000

INFO:     178000       3560.0000       -335.2784       -615.9827        280.7043          0.0000         36.8702        110.0174       -288.4125       -270.8202       -215.4866          0.0000          0.3180         11.5310        318.1460          0.0000

INFO:     179000       3580.0000       -336.5009       -601.5755        265.0746          0.0000         50.7513        106.0546       -289.0308       -261.9847       -218.4218          0.0000          0.1669         10.8891        300.4315          0.0000

INFO:     180000       3600.0000       -349.7953       -619.6104        269.8151          0.0000         52.5678         83.8107       -291.4665       -260.8931       -215.0158          0.0000          0.3622         11.0243        305.8044          0.0000

INFO:     181000       3620.0000       -347.1325       -631.3817        284.2492          0.0000         35.6087         91.6270       -289.7337       -267.4400       -212.8370          0.0000          0.1718         11.2215        322.1638          0.0000

INFO:     182000       3640.0000       -345.1313       -614.7996        269.6683          0.0000         43.0415        103.7820       -286.3588       -270.5840       -216.0978          0.0000          0.3559         11.0616        305.6379          0.0000

INFO:     183000       3660.0000       -343.6648       -617.8698        274.2049          0.0000         48.9817        108.4107       -292.7653       -273.9640       -221.6317          0.0000          1.7630         11.3359        310.7797          0.0000

INFO:     184000       3680.0000       -344.9520       -605.0232        260.0712          0.0000         46.0146         97.3775       -288.4694       -267.5933       -204.0166          0.0000          0.6509         11.0131        294.7607          0.0000

INFO:     185000       3700.0000       -333.2124       -622.1566        288.9443          0.0000         40.4430        105.6728       -291.8062       -276.9555       -211.7896          0.0000          0.9055         11.3733        327.4850          0.0000

INFO:     186000       3720.0000       -341.6017       -621.8762        280.2745          0.0000         36.7733        105.0632       -287.4458       -270.3170       -217.6775          0.0000          0.2268         11.5008        317.6589          0.0000

INFO:     187000       3740.0000       -347.5316       -623.8403        276.3086          0.0000         44.0621         95.3200       -295.7385       -266.1776       -212.8613          0.0000          0.3599         11.1952        313.1640          0.0000

INFO:     188000       3760.0000       -338.3755       -616.3429        277.9674          0.0000         39.0660         99.5972       -289.0918       -274.0866       -203.0178          0.0000          0.1519         11.0381        315.0441          0.0000

INFO:     189000       3780.0000       -338.4155       -605.7645        267.3489          0.0000         39.3208        107.1028       -288.0053       -264.7534       -210.9764          0.0000          0.5174         11.0295        303.0093          0.0000

INFO:     190000       3800.0000       -346.5037       -620.3073        273.8036          0.0000         42.4096        100.0154       -287.8332       -267.5898       -218.5312          0.0000          0.2529         10.9689        310.3249          0.0000

INFO:     191000       3820.0000       -353.1988       -625.8880        272.6892          0.0000         39.6894        102.1076       -288.5582       -272.9519       -217.7279          0.0000          0.4080         11.1452        309.0618          0.0000

INFO:     192000       3840.0000       -343.5396       -623.8367        280.2972          0.0000         43.3167         96.2678       -291.5029       -269.8147       -213.1236          0.0000          0.0799         10.9402        317.6846          0.0000

INFO:     193000       3860.0000       -318.1753       -593.8395        275.6642          0.0000         55.6559        117.8767       -283.8670       -274.9048       -220.1534          0.0000          0.2696         11.2834        312.4337          0.0000

INFO:     194000       3880.0000       -315.3768       -604.6809        289.3041          0.0000         42.2344        107.8776       -282.3805       -271.6353       -212.4133          0.0000          0.4559         11.1802        327.8929          0.0000

INFO:     195000       3900.0000       -317.5278       -607.5893        290.0615          0.0000         41.1644         97.7474       -286.4421       -264.6155       -209.0384          0.0000          2.3645         11.2304        328.7513          0.0000

INFO:     196000       3920.0000       -325.1058       -589.3347        264.2289          0.0000         47.3448        109.4389       -277.2534       -265.4339       -216.0886          0.0000          1.2182         11.4393        299.4730          0.0000

INFO:     197000       3940.0000       -333.8761       -597.1064        263.2303          0.0000         43.0584         86.1466       -283.5450       -264.3640       -189.9986          0.0000          0.2490         11.3471        298.3413          0.0000

INFO:     198000       3960.0000       -327.4242       -604.5421        277.1179          0.0000         36.7537        106.8309       -286.0036       -268.9710       -204.4989          0.0000          0.1120         11.2350        314.0812          0.0000

INFO:     199000       3980.0000       -343.7084       -616.4294        272.7210          0.0000         45.0072         98.8025       -284.7403       -269.7614       -217.3759          0.0000          0.5391         11.0994        309.0978          0.0000

INFO:     200000       4000.0000       -340.3559       -614.7855        274.4295          0.0000         42.2443        111.9368       -295.7975       -272.1174       -213.2767          0.0000          0.9146         11.3104        311.0343          0.0000

 
[STEP6] Deallocate Arrays
 
Output_Time> Averaged timer profile (Min, Max)
  total time      =     366.517
    setup         =       1.153
    dynamics      =     365.364
      energy      =     286.189
      integrator  =      68.461
      pairlist    =       8.849 (       8.712,       9.042)
  energy           
    bond          =      29.025 (      28.791,      29.384)
    angle         =      44.422 (      44.209,      44.793)
    dihedral      =      47.506 (      46.919,      48.329)
    base stacking =      15.166 (      14.700,      15.802)
    nonbond       =      92.149 (      91.567,      92.735)
      CG  exv     =      15.789 (      15.647,      15.867)
      CG DNA bp   =      19.241 (      18.718,      19.694)
      CG DNA exv  =      19.880 (      19.659,      20.094)
      CG ele      =      19.679 (      19.449,      19.857)
      CG PWMcos   =       0.000 (       0.000,       0.000)
      Contact     =       0.000 (       0.000,       0.000)
      pme real    =       0.000 (       0.000,       0.000)
      pme recip   =       0.000 (       0.000,       0.000)
    solvation     =       0.000 (       0.000,       0.000)
      polar       =       0.000 (       0.000,       0.000)
      non-polar   =       0.000 (       0.000,       0.000)
    restraint     =       0.000 (       0.000,       0.000)
    qmmm          =       0.000 (       0.000,       0.000)
    morph         =       0.000 (       0.000,       0.000)
  integrator       
    constraint    =       0.000 (       0.000,       0.000)
    update        =       0.000 (       0.000,       0.000)
    comm_coord    =       0.000 (       0.000,       0.000)
    comm_force    =       0.000 (       0.000,       0.000)
    comm_migrate  =       0.000 (       0.000,       0.000)

