****************************************************
*                                                  *
*                  GENESIS ATDYN                   *
*                                                  *
*        A Molecular Dynamics Simulator with       *
*            Atomic Decomposition Scheme           *
*                                                  *
*               Developed by RIKEN                 *
*                                                  *
****************************************************
 
[STEP0] Architecture and Compiler Information
 
GENESIS_Information> GENESIS Information
  version      = 1.5.0
  commit ID    = 8e6dbb80 [2021-01-18 02:18:34 +0900]
  precision    = double
  nonbonding   = CPU

Build_Information> Compiler Information
  build host   = ctan@pyraminx
  fortran      = GNU Fortran (Homebrew GCC 10.2.0_2) 10.2.0
  option       = -fallow-argument-mismatch -fopenmp  
  C            = gcc-10 (Homebrew GCC 10.2.0_2) 10.2.0
  option       = -g -O2 -fopenmp 
  defined var. =  -DMPI -DOMP -DFFTE -DLAPACK -DDSFMT_MEXP=19937 -D__GFORTRAN__
  link option  =  -fopenmp  -llapack -lblas  

Runtime_Information> Machine and Library Information
  date       = 2021/01/26 22:21:04
  cpu model    = N/A
  exec. host   = ctan@
  LD library   = /Users/ctan/Workspace/gromacs/lib

[STEP1] Read Control Parameters
 
Read_Ctrl_Input> Input Files
  grotopfile = fus_cg_120.top
  grocrdfile = fus_cg_mul_2_2_30_n_120.gro
 
Read_Ctrl_Output> Output Files
  dcdfile    = fus_120_run.dcd
  rstfile    = fus_120_run.rst
  pdbfile    = fus_120_run.pdb
 
Read_Ctrl_Energy>  WARNING: water_model is not available
Read_Ctrl_Energy> Parameters of Energy Calculations
  forcefield      =     AICG2P
  switchdist      =     10.000  cutoffdist      =     12.000
  pairlistdist    =     13.500  dielec_const    =      1.000
  debye           =     10.000
 vdW force_switch =         no
  electrostatic   =  CUTOFF
  implicit_solvent=       none
  table           =         no
  water_model     =       NONE
  output_style    =    GENESIS
  dispersion_corr =       none
  nonb_limiter    =      no
  user def. table =     no
 
Read_Ctrl_Dynamics> Parameters of MD simulation
  integrator      =    VVER_CG  nsteps          =       1000
  timestep        =     0.0200  initial_time    =     0.0000
  eneout_period   =        100  rstout_period   =       1000
  crdout_period   =        100  velout_period   =          0
  nbupdate_period =         20  stoptr_period   =         10
  iseed           =         -1
  annealing       =         no
  verbose         =         no
  target_md       =         no
  steered_md      =         no
  shrink_box      =         no
 
Read_Ctrl_Constraints> Parameters for Constraints
  rigid_bond      =         no
 
Read_Ctrl_Ensemble> Parameters for Ensemble
  ensemble        =        NVT
  temperature     =    300.000
  tpcontrol       =   LANGEVIN
  gamma_t         =      0.010
 
Read_Ctrl_Boundary> Parameters of Boundary Condition
  type            =     PBC   
  box_size(x,y,z) =    180.000   180.000  1800.000
  pairlist_grid   =      3.000
 
Read_Ctrl_Selection> Parameters of Selection
  # of groups     =          0
  # of mole names =          0
 
Read_Ctrl_Restraints> No restraint in the system

Read_Ctrl_Fitting_MD> Parameters of Fitting
  fitting method  =  TR+ROT   
  fitting atom    = group1
  mass_weight     =         no
 
[STEP2] Setup MPI
 
Setup_Mpi_Md> Summary of Setup MPI
  number of MPI processes   =          4
  number of OpenMP threads  =          2
  total number of CPU cores =          8

[STEP3] Set Relevant Variables and Structures
 
Read_Grotop> Summary of Grotopfile
  num_moltypes    =          1
    fus_cg                :
      num_atoms   =        163
      num_bonds   =        162
      num_angls   =          0
      num_dihes   =          0
      num_cmaps   =          0
      num_excls   =          0
      num_constrs =          0
      num_pairs   =          0
      num_vsites2 =          0
      num_vsites3 =          0
      num_vsites4 =          0
      num_vsitesn =          0
      num_posress =          0
      num_PWMcos  =          0
      num_PWMcosns=          0
      num_IDR_HPS =          1
      num_IDR_KH  =          0
    .. not used molecule types were hidden.

  num_molecules   =        120
    fus_cg                :  120

  num_atomtypes   =         33  num_bondtypes   =          0
  num_angltypes   =          0  num_dihetypes   =          0
  num_flangltypes           20
  num_fldihetypes          400
  num_constrtypes =          0  num_cmaptypes   =          0
  num_nbonparms   =          0
  num_basestacktypes  =     16
  num_basepairtypes   =      4
  num_basecrosstypes  =     32
  num_cgdnaexvtypes   =      6
  num_cgelemolpairs   =      1
  num_cg_IDR_HPS_atomtypes  =     20
  num_cg_KH_atomtypes  =    20

  num_cg_pair_MJ_eps   =   400

Define_Molecule> Summary of molecules
  num_atoms       =      19560  num_bonds       =      19440
  num_angles      =          0  num_dihedrals   =          0
  num_impropers   =          0  num_cmap_terms  =          0
  num_residues    =      19560  num_molecules   =        120
  num_segments    =          1  num_deg_freedom =      58680
  total_charge    =   -240.000
 
Update_Num_Deg_Freedom> Number of degrees of freedom was updated
  num_deg_freedom =      58677 (After removing translation)
 
Setup_Boundary> Setup Variables for Boundary Condition
  box_size(x,y,z) =    180.000   180.000  1800.000
  origin(x,y,z)   =      0.000     0.000     0.000
 
 
Define_Enefunc_Gromacs> Number of Interactions in Each Term
  bond_ene        =      19440  angle_ene       =          0
  torsion_ene     =          0  rb_torsion_ene  =          0
  improper_ene    =          0
  nb_exclusions   =      19440  nb14_calc       =          0
  vsite2_ene      =          0  vsite3_ene      =          0
  vsite3fd_ene    =          0  vsite3fad_ene   =          0
  vsite3out_ene   =          0  vsite4fdn_ene   =          0
  vsiten_ene      =          0
 restraint_groups =          0 restraint_funcs  =          0
 
Get_Morph_in> Morphing check
  morphing_bb =           0  morphing_sc =           0
Setup_Fitting_Atdyn> NO fitting is applied, skip
  fitting method  =  NO

[STEP4] Compute Single Point Energy for Molecules
 
            STEP          ENERGY            BOND  NATIVE_CONTACT NON-NATIVE_CONT           ELECT         IDR_HPS          CG_EXV
 --------------- --------------- --------------- --------------- ---------------
               0       2670.2054       7298.8558          0.0000          0.0000          0.6357      -4629.2861          0.0000

[STEP5] Perform Molecular Dynamics Simulation
 
Generate_Velocity> Generate initial velocities
  iseed           =     475632
  temperature     =    300.000
 
Random_Init_Velocity> Initialize the random number
  seed            = 475632

INFO:       STEP            TIME       TOTAL_ENE   POTENTIAL_ENE     KINETIC_ENE            RMSG            BOND         IDR_HPS  NATIVE_CONTACT          CG_EXV           ELECT     TEMPERATURE          VOLUME
 --------------- --------------- --------------- --------------- ---------------
INFO:          0          0.0000      20063.6045       2670.2054      17393.3991         10.4794       7298.8558      -4629.2861          0.0000          0.0000          0.6357        298.3369   58320000.0000

Random_Init> Initialize the random number
  seed            = 1221606282

INFO:        100          2.0000      20098.3392       2379.9067      17718.4325         10.5469       7325.2260      -4945.7838          0.0000          0.0000          0.4644        303.9120   58320000.0000

INFO:        200          4.0000      20093.9646       2311.4762      17782.4884         10.5540       7336.9662      -5026.0198          0.0000          0.0000          0.5298        305.0107   58320000.0000

INFO:        300          6.0000      20069.9717       2190.2159      17879.7558         10.5337       7256.6464      -5067.0214          0.0000          0.0000          0.5908        306.6790   58320000.0000

INFO:        400          8.0000      20060.6999       2224.6161      17836.0838         10.5398       7326.6848      -5102.6692          0.0000          0.0000          0.6006        305.9299   58320000.0000

INFO:        500         10.0000      20073.9900       2138.4824      17935.5076         10.5486       7312.8184      -5175.0478          0.0000          0.0000          0.7118        307.6353   58320000.0000

INFO:        600         12.0000      20047.5761       2066.5739      17981.0022         10.5165       7292.6897      -5226.9672          0.0000          0.0000          0.8513        308.4156   58320000.0000

INFO:        700         14.0000      19950.7659       2033.1317      17917.6342         10.5194       7287.6711      -5255.4360          0.0000          0.0000          0.8966        307.3287   58320000.0000

INFO:        800         16.0000      19906.0311       1991.3403      17914.6909         10.4808       7225.3010      -5234.9150          0.0000          0.0000          0.9543        307.2782   58320000.0000

INFO:        900         18.0000      19921.9079       2130.4962      17791.4117         10.5773       7358.0116      -5228.4965          0.0000          0.0000          0.9811        305.1637   58320000.0000

INFO:       1000         20.0000      19862.2540       2060.0429      17802.2112         10.5530       7311.0177      -5251.9849          0.0000          0.0000          1.0101        305.3489   58320000.0000

 
[STEP6] Deallocate Arrays
 
Output_Time> Averaged timer profile (Min, Max)
  total time      =      39.045
    setup         =       1.623
    dynamics      =      37.423
      energy      =      29.813
      integrator  =       4.413
      pairlist    =       3.244 (       3.209,       3.271)
  energy           
    bond          =       0.587 (       0.556,       0.608)
    angle         =       0.089 (       0.069,       0.096)
    dihedral      =       0.103 (       0.093,       0.120)
    base stacking =       0.000 (       0.000,       0.000)
    nonbond       =      25.743 (      25.656,      25.870)
      CG exv      =       0.219 (       0.212,       0.225)
      CG DNA bp   =       0.000 (       0.000,       0.000)
      CG DNA exv  =       0.000 (       0.000,       0.000)
      CG ele      =       0.053 (       0.044,       0.064)
      CG PWMcos   =       0.000 (       0.000,       0.000)
      CG PWMcosns =       0.000 (       0.000,       0.000)
      CG IDR-HPS  =      25.428 (      25.347,      25.540)
      CG IDR-KH   =       0.000 (       0.000,       0.000)
      CG KH       =       0.000 (       0.000,       0.000)
      Contact     =       0.042 (       0.035,       0.048)
      pme real    =       0.000 (       0.000,       0.000)
      pme recip   =       0.000 (       0.000,       0.000)
    solvation     =       0.000 (       0.000,       0.000)
      polar       =       0.000 (       0.000,       0.000)
      non-polar   =       0.000 (       0.000,       0.000)
    restraint     =       0.000 (       0.000,       0.000)
    qmmm          =       0.000 (       0.000,       0.000)
    morph         =       0.000 (       0.000,       0.000)
  integrator       
    constraint    =       0.000 (       0.000,       0.000)
    update        =       0.000 (       0.000,       0.000)
    comm_coord    =       0.000 (       0.000,       0.000)
    comm_force    =       0.000 (       0.000,       0.000)
    comm_migrate  =       0.000 (       0.000,       0.000)

