****************************************************
*                                                  *
*                  GENESIS ATDYN                   *
*                                                  *
*        A Molecular Dynamics Simulator with       *
*            Atomic Decomposition Scheme           *
*                                                  *
*               Developed by RIKEN                 *
*                                                  *
****************************************************
 
[STEP0] Architecture and Compiler Information
 
GENESIS_Information> GENESIS Information
  version      = 1.5.0
  commit ID    = 8e6dbb80 [2021-01-18 02:18:34 +0900]
  precision    = double
  nonbonding   = CPU

Build_Information> Compiler Information
  build host   = ctan@pyraminx
  fortran      = GNU Fortran (Homebrew GCC 10.2.0_2) 10.2.0
  option       = -fallow-argument-mismatch -fopenmp  
  C            = gcc-10 (Homebrew GCC 10.2.0_2) 10.2.0
  option       = -g -O2 -fopenmp 
  defined var. =  -DMPI -DOMP -DFFTE -DLAPACK -DDSFMT_MEXP=19937 -D__GFORTRAN__
  link option  =  -fopenmp  -llapack -lblas  

Runtime_Information> Machine and Library Information
  date       = 2021/01/26 18:49:33
  cpu model    = N/A
  exec. host   = ctan@
  LD library   = /Users/ctan/Workspace/gromacs/lib

[STEP1] Read Control Parameters
 
Read_Ctrl_Input> Input Files
  grotopfile = fus_cg.top
  grocrdfile = fus_cg.gro
 
Read_Ctrl_Output> Output Files
  dcdfile    = fus_single_md1.dcd
  rstfile    = fus_single_md1.rst
  pdbfile    = fus_single_md1.pdb
 
Read_Ctrl_Energy>  WARNING: water_model is not available
Read_Ctrl_Energy> Parameters of Energy Calculations
  forcefield      =     AICG2P
  switchdist      =     10.000  cutoffdist      =     12.000
  pairlistdist    =     13.500  dielec_const    =      1.000
  debye           =     10.000
 vdW force_switch =         no
  electrostatic   =  CUTOFF
  implicit_solvent=       none
  table           =         no
  water_model     =       NONE
  output_style    =    GENESIS
  dispersion_corr =       none
  nonb_limiter    =      no
  user def. table =     no
 
Read_Ctrl_Dynamics> Parameters of MD simulation
  integrator      =    VVER_CG  nsteps          =    1000000
  timestep        =     0.0200  initial_time    =     0.0000
  eneout_period   =      10000  rstout_period   =     100000
  crdout_period   =      10000  velout_period   =          0
  nbupdate_period =         20  stoptr_period   =         10
  iseed           =         -1
  annealing       =         no
  verbose         =         no
  target_md       =         no
  steered_md      =         no
  shrink_box      =         no
 
Read_Ctrl_Constraints> Parameters for Constraints
  rigid_bond      =         no
 
Read_Ctrl_Ensemble> Parameters for Ensemble
  ensemble        =        NVT
  temperature     =    300.000
  tpcontrol       =   LANGEVIN
  gamma_t         =      0.010
 
Read_Ctrl_Boundary> Parameters of Boundary Condition
  type            =     NOBC  
  spherical_pot   =         no  restart         =          T
 
Read_Ctrl_Selection> Parameters of Selection
  # of groups     =          0
  # of mole names =          0
 
Read_Ctrl_Restraints> No restraint in the system

Read_Ctrl_Fitting_MD> Parameters of Fitting
  fitting method  =  TR+ROT   
  fitting atom    = group1
  mass_weight     =         no
 
[STEP2] Setup MPI
 
Setup_Mpi_Md> Summary of Setup MPI
  number of MPI processes   =          4
  number of OpenMP threads  =          2
  total number of CPU cores =          8

[STEP3] Set Relevant Variables and Structures
 
Read_Grotop> Summary of Grotopfile
  num_moltypes    =          1
    fus_cg                :
      num_atoms   =        163
      num_bonds   =        162
      num_angls   =          0
      num_dihes   =          0
      num_cmaps   =          0
      num_excls   =          0
      num_constrs =          0
      num_pairs   =          0
      num_vsites2 =          0
      num_vsites3 =          0
      num_vsites4 =          0
      num_vsitesn =          0
      num_posress =          0
      num_PWMcos  =          0
      num_PWMcosns=          0
      num_IDR_HPS =          1
      num_IDR_KH  =          0
    .. not used molecule types were hidden.

  num_molecules   =          1
    fus_cg                :  1

  num_atomtypes   =         33  num_bondtypes   =          0
  num_angltypes   =          0  num_dihetypes   =          0
  num_flangltypes           20
  num_fldihetypes          400
  num_constrtypes =          0  num_cmaptypes   =          0
  num_nbonparms   =          0
  num_basestacktypes  =     16
  num_basepairtypes   =      4
  num_basecrosstypes  =     32
  num_cgdnaexvtypes   =      6
  num_cg_IDR_HPS_atomtypes  =     20
  num_cg_KH_atomtypes  =    20

  num_cg_pair_MJ_eps   =   400

Define_Molecule> Summary of molecules
  num_atoms       =        163  num_bonds       =        162
  num_angles      =          0  num_dihedrals   =          0
  num_impropers   =          0  num_cmap_terms  =          0
  num_residues    =        163  num_molecules   =          1
  num_segments    =          1  num_deg_freedom =        489
  total_charge    =     -2.000
 
Update_Num_Deg_Freedom> Number of degrees of freedom was updated
  num_deg_freedom =        486 (After removing translation)
 
Update_Num_Deg_Freedom> Number of degrees of freedom was updated
  num_deg_freedom =        483 (After removing rotation)
 
Setup_Boundary> Setup Variables for Boundary Condition
  origin(x,y,z)   =      0.000     0.000     0.000
 
 
Define_Enefunc_Gromacs> Number of Interactions in Each Term
  bond_ene        =        162  angle_ene       =          0
  torsion_ene     =          0  rb_torsion_ene  =          0
  improper_ene    =          0
  nb_exclusions   =        162  nb14_calc       =          0
  vsite2_ene      =          0  vsite3_ene      =          0
  vsite3fd_ene    =          0  vsite3fad_ene   =          0
  vsite3out_ene   =          0  vsite4fdn_ene   =          0
  vsiten_ene      =          0
 restraint_groups =          0 restraint_funcs  =          0
 
Get_Morph_in> Morphing check
  morphing_bb =           0  morphing_sc =           0
Setup_Fitting_Atdyn> NO fitting is applied, skip
  fitting method  =  NO

[STEP4] Compute Single Point Energy for Molecules
 
            STEP          ENERGY            BOND  NATIVE_CONTACT NON-NATIVE_CONT           ELECT         IDR_HPS          CG_EXV
 --------------- --------------- --------------- --------------- ---------------
               0        -10.3488          0.0029          0.0000          0.0000          0.0000        -10.3516          0.0000

[STEP5] Perform Molecular Dynamics Simulation
 
Generate_Velocity> Generate initial velocities
  iseed           =     544808
  temperature     =    300.000
 
Random_Init_Velocity> Initialize the random number
  seed            = 544808

INFO:       STEP            TIME       TOTAL_ENE   POTENTIAL_ENE     KINETIC_ENE            RMSG            BOND         IDR_HPS  NATIVE_CONTACT          CG_EXV     TEMPERATURE          VOLUME
 --------------- --------------- --------------- --------------- ---------------
INFO:          0          0.0000        127.3169        -10.3488        137.6656          0.6427          0.0029        -10.3516          0.0000          0.0000        286.8592          0.0000

Random_Init> Initialize the random number
  seed            = 62612320

INFO:      10000        200.0000        159.0207         18.4771        140.5436         10.0541         50.6953        -32.2182          0.0000          0.0000        292.8561          0.0000

INFO:      20000        400.0000        141.1603          5.0906        136.0696          9.2155         49.0025        -43.9118          0.0000          0.0000        283.5336          0.0000

INFO:      30000        600.0000        162.7175         28.7819        133.9356         10.6972         65.9080        -37.1261          0.0000          0.0000        279.0868          0.0000

INFO:      40000        800.0000        148.0209         18.6188        129.4020         10.6375         62.7371        -44.1182          0.0000          0.0000        269.6400          0.0000

INFO:      50000       1000.0000        189.0444         30.4929        158.5514         11.3003         64.5870        -34.0941          0.0000          0.0000        330.3797          0.0000

INFO:      60000       1200.0000        163.4228         19.8368        143.5860         10.3717         58.3301        -38.4933          0.0000          0.0000        299.1956          0.0000

INFO:      70000       1400.0000        139.3733          7.5025        131.8708          9.8716         56.4162        -48.9137          0.0000          0.0000        274.7843          0.0000

INFO:      80000       1600.0000        142.6288          6.0521        136.5766          9.3941         52.1854        -46.1332          0.0000          0.0000        284.5900          0.0000

INFO:      90000       1800.0000        148.2906         22.1142        126.1764         11.5469         72.3209        -50.2068          0.0000          0.0000        262.9187          0.0000

INFO:     100000       2000.0000        143.5443         12.5003        131.0440         10.1278         57.7786        -45.2783          0.0000          0.0000        273.0614          0.0000

INFO:     110000       2200.0000        168.6265         16.1976        152.4289         11.2251         63.4945        -47.2970          0.0000          0.0000        317.6219          0.0000

INFO:     120000       2400.0000        155.3878         20.6090        134.7789         10.9668         63.8551        -43.2462          0.0000          0.0000        280.8440          0.0000

INFO:     130000       2600.0000        160.6577         16.8445        143.8131         10.8250         64.0080        -47.1634          0.0000          0.0000        299.6690          0.0000

INFO:     140000       2800.0000        150.7694         13.7938        136.9755         10.1683         54.6810        -40.8872          0.0000          0.0000        285.4212          0.0000

INFO:     150000       3000.0000        183.4710         21.2378        162.2332          9.3549         50.0165        -28.7787          0.0000          0.0000        338.0515          0.0000

INFO:     160000       3200.0000        179.5780         17.0759        162.5021          9.3573         49.9833        -32.9074          0.0000          0.0000        338.6119          0.0000

INFO:     170000       3400.0000        149.1136         12.2477        136.8660          9.9856         52.7652        -40.5175          0.0000          0.0000        285.1929          0.0000

INFO:     180000       3600.0000        155.7564          7.5929        148.1635         10.2369         55.6694        -48.0764          0.0000          0.0000        308.7340          0.0000

INFO:     190000       3800.0000        164.2227         25.3753        138.8474         10.0785         54.3057        -28.9305          0.0000          0.0000        289.3217          0.0000

INFO:     200000       4000.0000        171.5132         30.2620        141.2512         10.7828         64.4321        -34.1701          0.0000          0.0000        294.3305          0.0000

INFO:     210000       4200.0000        178.5604         31.4899        147.0705         11.1279         65.1575        -33.6677          0.0000          0.0000        306.4564          0.0000

INFO:     220000       4400.0000        157.7781         20.2160        137.5621         10.0212         56.1852        -35.9692          0.0000          0.0000        286.6435          0.0000

INFO:     230000       4600.0000        154.6881         20.8663        133.8218         10.1123         56.0509        -35.1845          0.0000          0.0000        278.8496          0.0000

INFO:     240000       4800.0000        148.1513          4.9507        143.2006          9.0860         49.8407        -44.8900          0.0000          0.0000        298.3926          0.0000

INFO:     250000       5000.0000        143.8607          6.0146        137.8461         10.0853         53.9232        -47.9087          0.0000          0.0000        287.2352          0.0000

INFO:     260000       5200.0000        147.7964          3.7416        144.0548         10.3364         54.8046        -51.0630          0.0000          0.0000        300.1725          0.0000

INFO:     270000       5400.0000        163.4725         17.4836        145.9889         10.7381         61.7529        -44.2692          0.0000          0.0000        304.2027          0.0000

INFO:     280000       5600.0000        156.7888         27.7813        129.0075         11.1276         65.8198        -38.0384          0.0000          0.0000        268.8178          0.0000

INFO:     290000       5800.0000        158.7372         13.8877        144.8495          9.6872         50.8107        -36.9230          0.0000          0.0000        301.8284          0.0000

INFO:     300000       6000.0000        161.1614         13.6057        147.5557          9.5290         47.8124        -34.2067          0.0000          0.0000        307.4675          0.0000

INFO:     310000       6200.0000        165.9817         20.1595        145.8222         10.5153         62.4651        -42.3056          0.0000          0.0000        303.8553          0.0000

INFO:     320000       6400.0000        171.6533         17.0044        154.6489         10.4428         65.0720        -48.0676          0.0000          0.0000        322.2479          0.0000

INFO:     330000       6600.0000        143.3695          7.0360        136.3335         10.0394         51.7300        -44.6940          0.0000          0.0000        284.0835          0.0000

INFO:     340000       6800.0000        157.4707         17.4236        140.0470          9.9555         58.1001        -40.6765          0.0000          0.0000        291.8214          0.0000

INFO:     350000       7000.0000        177.5640         19.6328        157.9312         10.3677         58.2587        -38.6259          0.0000          0.0000        329.0874          0.0000

INFO:     360000       7200.0000        168.0364         21.2776        146.7588          9.6614         54.4335        -33.1559          0.0000          0.0000        305.8070          0.0000

INFO:     370000       7400.0000        155.4579         22.1632        133.2947         10.0872         58.6378        -36.4746          0.0000          0.0000        277.7513          0.0000

INFO:     380000       7600.0000        137.6218         10.8798        126.7420          9.9759         53.8531        -42.9733          0.0000          0.0000        264.0973          0.0000

INFO:     390000       7800.0000        172.7150         32.1859        140.5291         11.0516         61.6000        -29.4141          0.0000          0.0000        292.8260          0.0000

INFO:     400000       8000.0000        169.5819         30.1830        139.3989         11.0609         65.2321        -35.0491          0.0000          0.0000        290.4709          0.0000

INFO:     410000       8200.0000        161.3531         16.7243        144.6289         10.0781         55.1862        -38.4619          0.0000          0.0000        301.3688          0.0000

INFO:     420000       8400.0000        150.6383         12.6878        137.9506         10.2173         58.3915        -45.7037          0.0000          0.0000        287.4530          0.0000

INFO:     430000       8600.0000        138.0652          4.2610        133.8042          9.8633         56.2482        -51.9872          0.0000          0.0000        278.8130          0.0000

INFO:     440000       8800.0000        145.5961          5.2251        140.3709          9.3001         49.4803        -44.2551          0.0000          0.0000        292.4963          0.0000

INFO:     450000       9000.0000        160.9106         16.3937        144.5169         10.6245         59.4233        -43.0296          0.0000          0.0000        301.1355          0.0000

INFO:     460000       9200.0000        162.5180         17.9946        144.5234         10.5885         57.6204        -39.6258          0.0000          0.0000        301.1490          0.0000

INFO:     470000       9400.0000        159.7525         24.8806        134.8719         10.4908         58.8884        -34.0078          0.0000          0.0000        281.0378          0.0000

INFO:     480000       9600.0000        170.9540         18.3536        152.6004          9.7322         50.8783        -32.5247          0.0000          0.0000        317.9793          0.0000

INFO:     490000       9800.0000        168.2846         14.6592        153.6254          9.4343         47.9401        -33.2809          0.0000          0.0000        320.1152          0.0000

INFO:     500000      10000.0000        168.4832         23.4600        145.0232          9.1419         48.4232        -24.9631          0.0000          0.0000        302.1904          0.0000

INFO:     510000      10200.0000        175.6618         30.4210        145.2408         11.1344         65.7813        -35.3603          0.0000          0.0000        302.6439          0.0000

INFO:     520000      10400.0000        175.5853         34.4067        141.1786         11.8265         68.6548        -34.2481          0.0000          0.0000        294.1793          0.0000

INFO:     530000      10600.0000        182.6636         26.8158        155.8478         11.1649         66.3007        -39.4849          0.0000          0.0000        324.7462          0.0000

INFO:     540000      10800.0000        157.5454         11.6694        145.8760          9.7961         54.9158        -43.2464          0.0000          0.0000        303.9674          0.0000

INFO:     550000      11000.0000        158.5113         20.8260        137.6854         10.3196         59.1128        -38.2868          0.0000          0.0000        286.9004          0.0000

INFO:     560000      11200.0000        171.8403         21.7855        150.0549         10.1067         59.2948        -37.5093          0.0000          0.0000        312.6752          0.0000

INFO:     570000      11400.0000        177.4480         20.1981        157.2499         10.9010         61.1277        -40.9296          0.0000          0.0000        327.6677          0.0000

INFO:     580000      11600.0000        159.2411         16.9825        142.2586         10.1540         60.0218        -43.0394          0.0000          0.0000        296.4298          0.0000

INFO:     590000      11800.0000        156.9615         18.9508        138.0108          9.9503         54.7870        -35.8362          0.0000          0.0000        287.5784          0.0000

INFO:     600000      12000.0000        155.2241         14.5027        140.7214         10.1297         55.0940        -40.5913          0.0000          0.0000        293.2266          0.0000

INFO:     610000      12200.0000        175.3134         44.2702        131.0432         11.8233         73.0948        -28.8247          0.0000          0.0000        273.0598          0.0000

INFO:     620000      12400.0000        146.5514         15.4360        131.1154         10.0659         52.5624        -37.1264          0.0000          0.0000        273.2103          0.0000

INFO:     630000      12600.0000        155.3039         14.3775        140.9265         10.2145         55.8485        -41.4711          0.0000          0.0000        293.6539          0.0000

INFO:     640000      12800.0000        182.0782         19.8855        162.1927         10.2096         58.6826        -38.7971          0.0000          0.0000        337.9671          0.0000

INFO:     650000      13000.0000        162.3934         15.6081        146.7852         10.6916         58.7547        -43.1466          0.0000          0.0000        305.8621          0.0000

INFO:     660000      13200.0000        158.2462         10.5481        147.6981          9.6597         50.9063        -40.3582          0.0000          0.0000        307.7642          0.0000

INFO:     670000      13400.0000        150.7723          6.3446        144.4277         10.0919         53.3091        -46.9645          0.0000          0.0000        300.9496          0.0000

INFO:     680000      13600.0000        163.3837         22.9160        140.4677         10.6910         57.1802        -34.2642          0.0000          0.0000        292.6981          0.0000

INFO:     690000      13800.0000        152.9376          2.7328        150.2048          9.4224         48.6976        -45.9647          0.0000          0.0000        312.9875          0.0000

INFO:     700000      14000.0000        165.8210          6.2513        159.5698          9.8751         52.4296        -46.1783          0.0000          0.0000        332.5017          0.0000

INFO:     710000      14200.0000        146.8357         15.0324        131.8033          9.9044         56.6234        -41.5910          0.0000          0.0000        274.6437          0.0000

INFO:     720000      14400.0000        160.6491          6.6831        153.9659         10.1934         57.8896        -51.2064          0.0000          0.0000        320.8248          0.0000

INFO:     730000      14600.0000        142.4652         21.7982        120.6670         10.6321         60.7669        -38.9687          0.0000          0.0000        251.4385          0.0000

INFO:     740000      14800.0000        154.0656          9.4579        144.6077         10.2989         59.2076        -49.7496          0.0000          0.0000        301.3247          0.0000

INFO:     750000      15000.0000        177.6251         17.6447        159.9804         10.0656         51.9924        -34.3477          0.0000          0.0000        333.3574          0.0000

INFO:     760000      15200.0000        184.6008         25.4351        159.1657         10.1977         56.9205        -31.4855          0.0000          0.0000        331.6598          0.0000

INFO:     770000      15400.0000        144.8044         -1.2368        146.0413          9.9801         51.4308        -52.6676          0.0000          0.0000        304.3119          0.0000

INFO:     780000      15600.0000        148.7683          5.9457        142.8226          9.6173         48.3844        -42.4387          0.0000          0.0000        297.6050          0.0000

INFO:     790000      15800.0000        152.7976         19.2952        133.5024         10.5570         62.6067        -43.3115          0.0000          0.0000        278.1841          0.0000

INFO:     800000      16000.0000        149.0229         13.3365        135.6864          9.6821         54.8185        -41.4820          0.0000          0.0000        282.7350          0.0000

INFO:     810000      16200.0000        170.4590         19.6463        150.8127         11.3471         65.7284        -46.0820          0.0000          0.0000        314.2542          0.0000

INFO:     820000      16400.0000        158.2787         21.8268        136.4519         10.8133         61.6200        -39.7932          0.0000          0.0000        284.3302          0.0000

INFO:     830000      16600.0000        171.1190         17.9904        153.1286          9.8543         54.5493        -36.5588          0.0000          0.0000        319.0800          0.0000

INFO:     840000      16800.0000        149.6219         19.3450        130.2769         10.3405         57.1382        -37.7932          0.0000          0.0000        271.4630          0.0000

INFO:     850000      17000.0000        151.2084         12.9376        138.2708          9.9452         53.7273        -40.7897          0.0000          0.0000        288.1202          0.0000

INFO:     860000      17200.0000        170.9784         17.4577        153.5207         10.8447         60.9582        -43.5005          0.0000          0.0000        319.8970          0.0000

INFO:     870000      17400.0000        156.8888         14.5287        142.3600         10.1300         55.8245        -41.2957          0.0000          0.0000        296.6411          0.0000

INFO:     880000      17600.0000        172.6929         29.6267        143.0662         10.2859         57.1557        -27.5290          0.0000          0.0000        298.1126          0.0000

INFO:     890000      17800.0000        157.3039         10.9163        146.3876          8.9729         42.4536        -31.5373          0.0000          0.0000        305.0335          0.0000

INFO:     900000      18000.0000        152.1232         22.3349        129.7883         10.1835         58.1833        -35.8484          0.0000          0.0000        270.4449          0.0000

INFO:     910000      18200.0000        144.6782          0.8282        143.8500          9.1749         50.5298        -49.7017          0.0000          0.0000        299.7458          0.0000

INFO:     920000      18400.0000        160.4761         18.9958        141.4803         11.1956         68.0352        -49.0394          0.0000          0.0000        294.8079          0.0000

INFO:     930000      18600.0000        156.7070         14.9133        141.7937          9.8177         57.0026        -42.0894          0.0000          0.0000        295.4610          0.0000

INFO:     940000      18800.0000        161.2524         24.7628        136.4896         10.5699         60.9903        -36.2275          0.0000          0.0000        284.4087          0.0000

INFO:     950000      19000.0000        170.4416         26.4756        143.9660         10.7247         61.6769        -35.2013          0.0000          0.0000        299.9876          0.0000

INFO:     960000      19200.0000        166.4531         12.8141        153.6390         10.1686         57.7005        -44.8864          0.0000          0.0000        320.1436          0.0000

INFO:     970000      19400.0000        151.8490         17.8429        134.0061         10.5676         60.5276        -42.6847          0.0000          0.0000        279.2337          0.0000

INFO:     980000      19600.0000        164.9162         20.0006        144.9156         10.5557         61.0381        -41.0374          0.0000          0.0000        301.9662          0.0000

INFO:     990000      19800.0000        164.6859         18.0648        146.6211         10.8467         63.3966        -45.3318          0.0000          0.0000        305.5201          0.0000

INFO:    1000000      20000.0000        168.5005         22.2952        146.2054         10.4771         60.8101        -38.5150          0.0000          0.0000        304.6538          0.0000

 
[STEP6] Deallocate Arrays
 
Output_Time> Averaged timer profile (Min, Max)
  total time      =     745.336
    setup         =       1.092
    dynamics      =     744.244
      energy      =     574.805
      integrator  =     148.861
      pairlist    =      18.215 (      17.295,      18.775)
  energy           
    bond          =      56.802 (      56.614,      57.006)
    angle         =      78.418 (      78.336,      78.619)
    dihedral      =      78.595 (      78.471,      78.737)
    base stacking =       0.000 (       0.000,       0.000)
    nonbond       =     235.238 (     231.895,     239.183)
      CG exv      =      28.327 (      27.951,      28.762)
      CG DNA bp   =       0.000 (       0.000,       0.000)
      CG DNA exv  =       0.000 (       0.000,       0.000)
      CG ele      =       0.000 (       0.000,       0.000)
      CG PWMcos   =       0.000 (       0.000,       0.000)
      CG PWMcosns =       0.000 (       0.000,       0.000)
      CG IDR-HPS  =     180.295 (     177.234,     183.784)
      CG IDR-KH   =       0.000 (       0.000,       0.000)
      CG KH       =       0.000 (       0.000,       0.000)
      Contact     =      26.041 (      25.977,      26.108)
      pme real    =       0.000 (       0.000,       0.000)
      pme recip   =       0.000 (       0.000,       0.000)
    solvation     =       0.000 (       0.000,       0.000)
      polar       =       0.000 (       0.000,       0.000)
      non-polar   =       0.000 (       0.000,       0.000)
    restraint     =       0.000 (       0.000,       0.000)
    qmmm          =       0.000 (       0.000,       0.000)
    morph         =       0.000 (       0.000,       0.000)
  integrator       
    constraint    =       0.000 (       0.000,       0.000)
    update        =       0.000 (       0.000,       0.000)
    comm_coord    =       0.000 (       0.000,       0.000)
    comm_force    =       0.000 (       0.000,       0.000)
    comm_migrate  =       0.000 (       0.000,       0.000)

